{"/Users/raianechristineeneas/Documents/projects/studies/boilerplate/src/components/Main/index.tsx": {"path":"/Users/raianechristineeneas/Documents/projects/studies/boilerplate/src/components/Main/index.tsx","statementMap":{"0":{"start":{"line":1,"column":13},"end":{"line":5,"column":1}},"1":{"start":{"line":2,"column":2},"end":{"line":4,"column":8}}},"fnMap":{"0":{"name":"(anonymous_0)","decl":{"start":{"line":1,"column":13},"end":{"line":1,"column":14}},"loc":{"start":{"line":2,"column":2},"end":{"line":4,"column":8}},"line":2}},"branchMap":{},"s":{"0":1,"1":1},"f":{"0":1},"b":{},"_coverageSchema":"1a1c01bbd47fc00a2c39e90264f33305004495a9","hash":"d0b46d0228be5d77742a42bc7c41fc8f09b3c292"}
,"/Users/raianechristineeneas/Documents/projects/studies/boilerplate/src/pages/index.tsx": {"path":"/Users/raianechristineeneas/Documents/projects/studies/boilerplate/src/pages/index.tsx","statementMap":{"0":{"start":{"line":6,"column":2},"end":{"line":68,"column":3}}},"fnMap":{"0":{"name":"Home","decl":{"start":{"line":5,"column":24},"end":{"line":5,"column":28}},"loc":{"start":{"line":5,"column":31},"end":{"line":69,"column":1}},"line":5}},"branchMap":{},"s":{"0":0},"f":{"0":0},"b":{}}
}
